<?xml version="1.0" encoding="UTF-8"?>
<testng-results skipped="0" failed="0" ignored="0" total="1" passed="1">
  <reporter-output>
  </reporter-output>
  <suite name="Default suite" duration-ms="2387" started-at="2020-04-11T23:15:25 CDT" finished-at="2020-04-11T23:15:28 CDT">
    <groups>
    </groups>
    <test name="Default test" duration-ms="2387" started-at="2020-04-11T23:15:25 CDT" finished-at="2020-04-11T23:15:28 CDT">
      <class name="com.devops.FunctionalTestCases">
        <test-method status="PASS" signature="homeTest()[pri:0, instance:com.devops.FunctionalTestCases@58c1c010]" name="homeTest" duration-ms="2330" started-at="2020-04-11T23:15:26 CDT" finished-at="2020-04-11T23:15:28 CDT">
          <reporter-output>
          </reporter-output>
        </test-method> <!-- homeTest -->
      </class> <!-- com.devops.FunctionalTestCases -->
    </test> <!-- Default test -->
  </suite> <!-- Default suite -->
</testng-results>
